{"C:\\Users\\Franco\\repos\\Odin-book\\back\\app.js": {"path":"C:\\Users\\Franco\\repos\\Odin-book\\back\\app.js","statementMap":{"0":{"start":{"line":20,"column":13},"end":{"line":23,"column":1}},"1":{"start":{"line":24,"column":0},"end":{"line":43,"column":2}},"2":{"start":{"line":26,"column":4},"end":{"line":26,"column":34}},"3":{"start":{"line":28,"column":4},"end":{"line":41,"column":5}},"4":{"start":{"line":30,"column":19},"end":{"line":32,"column":8}},"5":{"start":{"line":34,"column":6},"end":{"line":38,"column":7}},"6":{"start":{"line":35,"column":8},"end":{"line":35,"column":32}},"7":{"start":{"line":37,"column":8},"end":{"line":37,"column":33}},"8":{"start":{"line":40,"column":6},"end":{"line":40,"column":32}},"9":{"start":{"line":44,"column":0},"end":{"line":48,"column":3}},"10":{"start":{"line":50,"column":12},"end":{"line":50,"column":15}},"11":{"start":{"line":51,"column":0},"end":{"line":51,"column":18}},"12":{"start":{"line":52,"column":0},"end":{"line":52,"column":42}},"13":{"start":{"line":53,"column":0},"end":{"line":56,"column":4}},"14":{"start":{"line":57,"column":17},"end":{"line":57,"column":50}},"15":{"start":{"line":58,"column":0},"end":{"line":83,"column":3}},"16":{"start":{"line":59,"column":23},"end":{"line":59,"column":33}},"17":{"start":{"line":61,"column":18},"end":{"line":65,"column":3}},"18":{"start":{"line":66,"column":15},"end":{"line":66,"column":28}},"19":{"start":{"line":67,"column":17},"end":{"line":67,"column":64}},"20":{"start":{"line":69,"column":15},"end":{"line":75,"column":4}},"21":{"start":{"line":77,"column":15},"end":{"line":77,"column":111}},"22":{"start":{"line":78,"column":2},"end":{"line":78,"column":20}},"23":{"start":{"line":79,"column":2},"end":{"line":82,"column":5}},"24":{"start":{"line":84,"column":0},"end":{"line":102,"column":3}},"25":{"start":{"line":85,"column":2},"end":{"line":85,"column":33}},"26":{"start":{"line":87,"column":15},"end":{"line":87,"column":49}},"27":{"start":{"line":88,"column":21},"end":{"line":88,"column":31}},"28":{"start":{"line":90,"column":17},"end":{"line":94,"column":4}},"29":{"start":{"line":96,"column":22},"end":{"line":96,"column":110}},"30":{"start":{"line":97,"column":2},"end":{"line":101,"column":5}},"31":{"start":{"line":103,"column":0},"end":{"line":134,"column":3}},"32":{"start":{"line":104,"column":2},"end":{"line":133,"column":3}},"33":{"start":{"line":105,"column":19},"end":{"line":105,"column":29}},"34":{"start":{"line":106,"column":24},"end":{"line":106,"column":44}},"35":{"start":{"line":107,"column":19},"end":{"line":107,"column":23}},"36":{"start":{"line":109,"column":4},"end":{"line":117,"column":5}},"37":{"start":{"line":110,"column":21},"end":{"line":114,"column":8}},"38":{"start":{"line":116,"column":6},"end":{"line":116,"column":28}},"39":{"start":{"line":120,"column":24},"end":{"line":124,"column":5}},"40":{"start":{"line":126,"column":4},"end":{"line":129,"column":7}},"41":{"start":{"line":131,"column":4},"end":{"line":131,"column":23}},"42":{"start":{"line":132,"column":4},"end":{"line":132,"column":76}},"43":{"start":{"line":137,"column":0},"end":{"line":137,"column":70}},"44":{"start":{"line":138,"column":0},"end":{"line":152,"column":4}},"45":{"start":{"line":154,"column":0},"end":{"line":154,"column":31}},"46":{"start":{"line":155,"column":0},"end":{"line":155,"column":28}},"47":{"start":{"line":156,"column":0},"end":{"line":170,"column":4}},"48":{"start":{"line":157,"column":15},"end":{"line":161,"column":4}},"49":{"start":{"line":162,"column":2},"end":{"line":162,"column":20}},"50":{"start":{"line":164,"column":2},"end":{"line":164,"column":80}},"51":{"start":{"line":164,"column":13},"end":{"line":164,"column":80}},"52":{"start":{"line":165,"column":18},"end":{"line":165,"column":63}},"53":{"start":{"line":166,"column":2},"end":{"line":166,"column":23}},"54":{"start":{"line":168,"column":2},"end":{"line":168,"column":83}},"55":{"start":{"line":168,"column":16},"end":{"line":168,"column":83}},"56":{"start":{"line":169,"column":2},"end":{"line":169,"column":26}},"57":{"start":{"line":171,"column":0},"end":{"line":183,"column":3}},"58":{"start":{"line":176,"column":15},"end":{"line":180,"column":4}},"59":{"start":{"line":181,"column":2},"end":{"line":181,"column":26}},"60":{"start":{"line":184,"column":0},"end":{"line":186,"column":3}},"61":{"start":{"line":185,"column":2},"end":{"line":185,"column":29}},"62":{"start":{"line":187,"column":0},"end":{"line":194,"column":3}},"63":{"start":{"line":188,"column":15},"end":{"line":192,"column":4}},"64":{"start":{"line":193,"column":2},"end":{"line":193,"column":26}},"65":{"start":{"line":196,"column":0},"end":{"line":196,"column":21}},"66":{"start":{"line":197,"column":0},"end":{"line":199,"column":3}},"67":{"start":{"line":198,"column":2},"end":{"line":198,"column":34}}},"fnMap":{"0":{"name":"(anonymous_0)","decl":{"start":{"line":25,"column":24},"end":{"line":25,"column":25}},"loc":{"start":{"line":25,"column":52},"end":{"line":42,"column":3}},"line":25},"1":{"name":"(anonymous_1)","decl":{"start":{"line":58,"column":59},"end":{"line":58,"column":60}},"loc":{"start":{"line":58,"column":79},"end":{"line":83,"column":1}},"line":58},"2":{"name":"(anonymous_2)","decl":{"start":{"line":84,"column":69},"end":{"line":84,"column":70}},"loc":{"start":{"line":84,"column":89},"end":{"line":102,"column":1}},"line":84},"3":{"name":"(anonymous_3)","decl":{"start":{"line":103,"column":52},"end":{"line":103,"column":53}},"loc":{"start":{"line":103,"column":72},"end":{"line":134,"column":1}},"line":103},"4":{"name":"(anonymous_4)","decl":{"start":{"line":156,"column":31},"end":{"line":156,"column":32}},"loc":{"start":{"line":156,"column":67},"end":{"line":170,"column":1}},"line":156},"5":{"name":"(anonymous_5)","decl":{"start":{"line":175,"column":3},"end":{"line":175,"column":4}},"loc":{"start":{"line":175,"column":55},"end":{"line":182,"column":1}},"line":175},"6":{"name":"(anonymous_6)","decl":{"start":{"line":184,"column":23},"end":{"line":184,"column":24}},"loc":{"start":{"line":184,"column":39},"end":{"line":186,"column":1}},"line":184},"7":{"name":"(anonymous_7)","decl":{"start":{"line":187,"column":25},"end":{"line":187,"column":26}},"loc":{"start":{"line":187,"column":45},"end":{"line":194,"column":1}},"line":187},"8":{"name":"(anonymous_8)","decl":{"start":{"line":197,"column":13},"end":{"line":197,"column":14}},"loc":{"start":{"line":197,"column":27},"end":{"line":199,"column":1}},"line":197}},"branchMap":{"0":{"loc":{"start":{"line":34,"column":6},"end":{"line":38,"column":7}},"type":"if","locations":[{"start":{"line":34,"column":6},"end":{"line":38,"column":7}},{"start":{"line":36,"column":13},"end":{"line":38,"column":7}}],"line":34},"1":{"loc":{"start":{"line":87,"column":15},"end":{"line":87,"column":49}},"type":"binary-expr","locations":[{"start":{"line":87,"column":15},"end":{"line":87,"column":29}},{"start":{"line":87,"column":31},"end":{"line":87,"column":49}}],"line":87},"2":{"loc":{"start":{"line":109,"column":4},"end":{"line":117,"column":5}},"type":"if","locations":[{"start":{"line":109,"column":4},"end":{"line":117,"column":5}},{"start":{},"end":{}}],"line":109},"3":{"loc":{"start":{"line":164,"column":2},"end":{"line":164,"column":80}},"type":"if","locations":[{"start":{"line":164,"column":2},"end":{"line":164,"column":80}},{"start":{},"end":{}}],"line":164},"4":{"loc":{"start":{"line":168,"column":2},"end":{"line":168,"column":83}},"type":"if","locations":[{"start":{"line":168,"column":2},"end":{"line":168,"column":83}},{"start":{},"end":{}}],"line":168}},"s":{"0":1,"1":1,"2":0,"3":0,"4":0,"5":0,"6":0,"7":0,"8":0,"9":1,"10":1,"11":1,"12":1,"13":1,"14":1,"15":1,"16":0,"17":0,"18":0,"19":0,"20":0,"21":0,"22":0,"23":0,"24":1,"25":0,"26":0,"27":0,"28":0,"29":0,"30":0,"31":1,"32":0,"33":0,"34":0,"35":0,"36":0,"37":0,"38":0,"39":0,"40":0,"41":0,"42":0,"43":1,"44":1,"45":1,"46":1,"47":1,"48":0,"49":0,"50":0,"51":0,"52":0,"53":0,"54":0,"55":0,"56":0,"57":1,"58":0,"59":0,"60":1,"61":0,"62":1,"63":0,"64":0,"65":1,"66":1,"67":0},"f":{"0":0,"1":0,"2":0,"3":0,"4":0,"5":0,"6":0,"7":0,"8":0},"b":{"0":[0,0],"1":[0,0],"2":[0,0],"3":[0,0],"4":[0,0]},"_coverageSchema":"1a1c01bbd47fc00a2c39e90264f33305004495a9","hash":"69cdb62248daf467fe12e9fffee93dd9bf296637"}
,"C:\\Users\\Franco\\repos\\Odin-book\\back\\src\\controller\\controller.js": {"path":"C:\\Users\\Franco\\repos\\Odin-book\\back\\src\\controller\\controller.js","statementMap":{"0":{"start":{"line":4,"column":4},"end":{"line":9,"column":5}},"1":{"start":{"line":5,"column":25},"end":{"line":5,"column":78}},"2":{"start":{"line":6,"column":6},"end":{"line":6,"column":24}},"3":{"start":{"line":8,"column":6},"end":{"line":8,"column":29}},"4":{"start":{"line":13,"column":23},"end":{"line":13,"column":88}},"5":{"start":{"line":14,"column":4},"end":{"line":14,"column":22}},"6":{"start":{"line":18,"column":24},"end":{"line":18,"column":90}},"7":{"start":{"line":19,"column":4},"end":{"line":19,"column":23}},"8":{"start":{"line":23,"column":25},"end":{"line":23,"column":70}},"9":{"start":{"line":24,"column":4},"end":{"line":24,"column":24}},"10":{"start":{"line":28,"column":26},"end":{"line":28,"column":94}},"11":{"start":{"line":29,"column":4},"end":{"line":29,"column":25}},"12":{"start":{"line":33,"column":21},"end":{"line":33,"column":57}},"13":{"start":{"line":34,"column":4},"end":{"line":34,"column":20}},"14":{"start":{"line":38,"column":18},"end":{"line":38,"column":50}},"15":{"start":{"line":39,"column":4},"end":{"line":39,"column":17}},"16":{"start":{"line":43,"column":25},"end":{"line":43,"column":65}},"17":{"start":{"line":44,"column":4},"end":{"line":44,"column":24}},"18":{"start":{"line":48,"column":27},"end":{"line":48,"column":92}},"19":{"start":{"line":49,"column":4},"end":{"line":49,"column":26}},"20":{"start":{"line":53,"column":21},"end":{"line":53,"column":57}},"21":{"start":{"line":54,"column":4},"end":{"line":54,"column":20}},"22":{"start":{"line":58,"column":29},"end":{"line":58,"column":107}},"23":{"start":{"line":59,"column":4},"end":{"line":59,"column":28}},"24":{"start":{"line":63,"column":29},"end":{"line":63,"column":81}},"25":{"start":{"line":64,"column":4},"end":{"line":64,"column":28}},"26":{"start":{"line":68,"column":29},"end":{"line":68,"column":72}},"27":{"start":{"line":69,"column":4},"end":{"line":69,"column":28}},"28":{"start":{"line":73,"column":22},"end":{"line":73,"column":82}},"29":{"start":{"line":74,"column":4},"end":{"line":74,"column":21}},"30":{"start":{"line":78,"column":22},"end":{"line":78,"column":58}},"31":{"start":{"line":79,"column":4},"end":{"line":79,"column":21}},"32":{"start":{"line":83,"column":22},"end":{"line":83,"column":59}},"33":{"start":{"line":84,"column":4},"end":{"line":84,"column":21}},"34":{"start":{"line":88,"column":31},"end":{"line":88,"column":86}},"35":{"start":{"line":89,"column":4},"end":{"line":89,"column":30}},"36":{"start":{"line":93,"column":31},"end":{"line":93,"column":104}},"37":{"start":{"line":94,"column":4},"end":{"line":94,"column":30}},"38":{"start":{"line":98,"column":17},"end":{"line":98,"column":57}},"39":{"start":{"line":99,"column":4},"end":{"line":99,"column":16}}},"fnMap":{"0":{"name":"(anonymous_0)","decl":{"start":{"line":3,"column":2},"end":{"line":3,"column":3}},"loc":{"start":{"line":3,"column":57},"end":{"line":10,"column":3}},"line":3},"1":{"name":"(anonymous_1)","decl":{"start":{"line":12,"column":2},"end":{"line":12,"column":3}},"loc":{"start":{"line":12,"column":72},"end":{"line":15,"column":3}},"line":12},"2":{"name":"(anonymous_2)","decl":{"start":{"line":17,"column":2},"end":{"line":17,"column":3}},"loc":{"start":{"line":17,"column":69},"end":{"line":20,"column":3}},"line":17},"3":{"name":"(anonymous_3)","decl":{"start":{"line":22,"column":2},"end":{"line":22,"column":3}},"loc":{"start":{"line":22,"column":40},"end":{"line":25,"column":3}},"line":22},"4":{"name":"(anonymous_4)","decl":{"start":{"line":27,"column":2},"end":{"line":27,"column":3}},"loc":{"start":{"line":27,"column":72},"end":{"line":30,"column":3}},"line":27},"5":{"name":"(anonymous_5)","decl":{"start":{"line":32,"column":2},"end":{"line":32,"column":3}},"loc":{"start":{"line":32,"column":39},"end":{"line":35,"column":3}},"line":32},"6":{"name":"(anonymous_6)","decl":{"start":{"line":37,"column":2},"end":{"line":37,"column":3}},"loc":{"start":{"line":37,"column":36},"end":{"line":40,"column":3}},"line":37},"7":{"name":"(anonymous_7)","decl":{"start":{"line":42,"column":2},"end":{"line":42,"column":3}},"loc":{"start":{"line":42,"column":43},"end":{"line":45,"column":3}},"line":42},"8":{"name":"(anonymous_8)","decl":{"start":{"line":47,"column":2},"end":{"line":47,"column":3}},"loc":{"start":{"line":47,"column":69},"end":{"line":50,"column":3}},"line":47},"9":{"name":"(anonymous_9)","decl":{"start":{"line":52,"column":2},"end":{"line":52,"column":3}},"loc":{"start":{"line":52,"column":40},"end":{"line":55,"column":3}},"line":52},"10":{"name":"(anonymous_10)","decl":{"start":{"line":57,"column":2},"end":{"line":57,"column":3}},"loc":{"start":{"line":57,"column":72},"end":{"line":60,"column":3}},"line":57},"11":{"name":"(anonymous_11)","decl":{"start":{"line":62,"column":2},"end":{"line":62,"column":3}},"loc":{"start":{"line":62,"column":46},"end":{"line":65,"column":3}},"line":62},"12":{"name":"(anonymous_12)","decl":{"start":{"line":67,"column":2},"end":{"line":67,"column":3}},"loc":{"start":{"line":67,"column":37},"end":{"line":70,"column":3}},"line":67},"13":{"name":"(anonymous_13)","decl":{"start":{"line":72,"column":2},"end":{"line":72,"column":3}},"loc":{"start":{"line":72,"column":54},"end":{"line":75,"column":3}},"line":72},"14":{"name":"(anonymous_14)","decl":{"start":{"line":77,"column":2},"end":{"line":77,"column":3}},"loc":{"start":{"line":77,"column":35},"end":{"line":80,"column":3}},"line":77},"15":{"name":"(anonymous_15)","decl":{"start":{"line":82,"column":2},"end":{"line":82,"column":3}},"loc":{"start":{"line":82,"column":36},"end":{"line":85,"column":3}},"line":82},"16":{"name":"(anonymous_16)","decl":{"start":{"line":87,"column":2},"end":{"line":87,"column":3}},"loc":{"start":{"line":87,"column":59},"end":{"line":90,"column":3}},"line":87},"17":{"name":"(anonymous_17)","decl":{"start":{"line":92,"column":2},"end":{"line":92,"column":3}},"loc":{"start":{"line":92,"column":77},"end":{"line":95,"column":3}},"line":92},"18":{"name":"(anonymous_18)","decl":{"start":{"line":97,"column":2},"end":{"line":97,"column":3}},"loc":{"start":{"line":97,"column":44},"end":{"line":100,"column":3}},"line":97}},"branchMap":{},"s":{"0":1,"1":1,"2":1,"3":0,"4":0,"5":0,"6":0,"7":0,"8":0,"9":0,"10":0,"11":0,"12":0,"13":0,"14":0,"15":0,"16":0,"17":0,"18":0,"19":0,"20":0,"21":0,"22":0,"23":0,"24":0,"25":0,"26":0,"27":0,"28":0,"29":0,"30":0,"31":0,"32":0,"33":0,"34":0,"35":0,"36":0,"37":0,"38":0,"39":0},"f":{"0":1,"1":0,"2":0,"3":0,"4":0,"5":0,"6":0,"7":0,"8":0,"9":0,"10":0,"11":0,"12":0,"13":0,"14":0,"15":0,"16":0,"17":0,"18":0},"b":{},"_coverageSchema":"1a1c01bbd47fc00a2c39e90264f33305004495a9","hash":"2b9bf925b90900f9a7dfc38a6404fd5cc9f25c90"}
,"C:\\Users\\Franco\\repos\\Odin-book\\back\\src\\model\\prismamodel.js": {"path":"C:\\Users\\Franco\\repos\\Odin-book\\back\\src\\model\\prismamodel.js","statementMap":{"0":{"start":{"line":3,"column":15},"end":{"line":3,"column":33}},"1":{"start":{"line":7,"column":4},"end":{"line":17,"column":5}},"2":{"start":{"line":8,"column":25},"end":{"line":13,"column":8}},"3":{"start":{"line":14,"column":6},"end":{"line":14,"column":24}},"4":{"start":{"line":16,"column":6},"end":{"line":16,"column":25}},"5":{"start":{"line":21,"column":23},"end":{"line":30,"column":6}},"6":{"start":{"line":31,"column":4},"end":{"line":31,"column":22}},"7":{"start":{"line":35,"column":24},"end":{"line":41,"column":6}},"8":{"start":{"line":42,"column":4},"end":{"line":42,"column":23}},"9":{"start":{"line":46,"column":24},"end":{"line":50,"column":6}},"10":{"start":{"line":51,"column":4},"end":{"line":51,"column":23}},"11":{"start":{"line":55,"column":26},"end":{"line":63,"column":6}},"12":{"start":{"line":64,"column":4},"end":{"line":64,"column":25}},"13":{"start":{"line":68,"column":21},"end":{"line":68,"column":53}},"14":{"start":{"line":69,"column":4},"end":{"line":69,"column":20}},"15":{"start":{"line":73,"column":18},"end":{"line":73,"column":46}},"16":{"start":{"line":74,"column":4},"end":{"line":74,"column":17}},"17":{"start":{"line":78,"column":25},"end":{"line":78,"column":61}},"18":{"start":{"line":79,"column":4},"end":{"line":79,"column":24}},"19":{"start":{"line":83,"column":27},"end":{"line":89,"column":6}},"20":{"start":{"line":90,"column":4},"end":{"line":90,"column":26}},"21":{"start":{"line":94,"column":21},"end":{"line":94,"column":53}},"22":{"start":{"line":95,"column":4},"end":{"line":95,"column":20}},"23":{"start":{"line":99,"column":29},"end":{"line":104,"column":6}},"24":{"start":{"line":105,"column":4},"end":{"line":105,"column":28}},"25":{"start":{"line":109,"column":29},"end":{"line":113,"column":6}},"26":{"start":{"line":114,"column":4},"end":{"line":114,"column":28}},"27":{"start":{"line":118,"column":29},"end":{"line":118,"column":58}},"28":{"start":{"line":119,"column":4},"end":{"line":119,"column":28}},"29":{"start":{"line":123,"column":26},"end":{"line":128,"column":6}},"30":{"start":{"line":129,"column":4},"end":{"line":129,"column":25}},"31":{"start":{"line":133,"column":22},"end":{"line":133,"column":55}},"32":{"start":{"line":134,"column":4},"end":{"line":134,"column":21}},"33":{"start":{"line":138,"column":22},"end":{"line":142,"column":6}},"34":{"start":{"line":143,"column":4},"end":{"line":143,"column":21}},"35":{"start":{"line":147,"column":31},"end":{"line":151,"column":6}},"36":{"start":{"line":152,"column":4},"end":{"line":152,"column":30}},"37":{"start":{"line":156,"column":17},"end":{"line":156,"column":41}},"38":{"start":{"line":158,"column":4},"end":{"line":160,"column":5}},"39":{"start":{"line":159,"column":6},"end":{"line":159,"column":27}},"40":{"start":{"line":161,"column":31},"end":{"line":166,"column":6}},"41":{"start":{"line":167,"column":4},"end":{"line":167,"column":30}},"42":{"start":{"line":171,"column":17},"end":{"line":175,"column":6}},"43":{"start":{"line":176,"column":4},"end":{"line":176,"column":16}}},"fnMap":{"0":{"name":"(anonymous_0)","decl":{"start":{"line":6,"column":2},"end":{"line":6,"column":3}},"loc":{"start":{"line":6,"column":52},"end":{"line":18,"column":3}},"line":6},"1":{"name":"(anonymous_1)","decl":{"start":{"line":20,"column":2},"end":{"line":20,"column":3}},"loc":{"start":{"line":20,"column":64},"end":{"line":32,"column":3}},"line":20},"2":{"name":"(anonymous_2)","decl":{"start":{"line":34,"column":2},"end":{"line":34,"column":3}},"loc":{"start":{"line":34,"column":65},"end":{"line":43,"column":3}},"line":34},"3":{"name":"(anonymous_3)","decl":{"start":{"line":45,"column":2},"end":{"line":45,"column":3}},"loc":{"start":{"line":45,"column":44},"end":{"line":52,"column":3}},"line":45},"4":{"name":"(anonymous_4)","decl":{"start":{"line":54,"column":2},"end":{"line":54,"column":3}},"loc":{"start":{"line":54,"column":67},"end":{"line":65,"column":3}},"line":54},"5":{"name":"(anonymous_5)","decl":{"start":{"line":67,"column":2},"end":{"line":67,"column":3}},"loc":{"start":{"line":67,"column":35},"end":{"line":70,"column":3}},"line":67},"6":{"name":"(anonymous_6)","decl":{"start":{"line":72,"column":2},"end":{"line":72,"column":3}},"loc":{"start":{"line":72,"column":31},"end":{"line":75,"column":3}},"line":72},"7":{"name":"(anonymous_7)","decl":{"start":{"line":77,"column":2},"end":{"line":77,"column":3}},"loc":{"start":{"line":77,"column":39},"end":{"line":80,"column":3}},"line":77},"8":{"name":"(anonymous_8)","decl":{"start":{"line":82,"column":2},"end":{"line":82,"column":3}},"loc":{"start":{"line":82,"column":64},"end":{"line":91,"column":3}},"line":82},"9":{"name":"(anonymous_9)","decl":{"start":{"line":93,"column":2},"end":{"line":93,"column":3}},"loc":{"start":{"line":93,"column":35},"end":{"line":96,"column":3}},"line":93},"10":{"name":"(anonymous_10)","decl":{"start":{"line":98,"column":2},"end":{"line":98,"column":3}},"loc":{"start":{"line":98,"column":77},"end":{"line":106,"column":3}},"line":98},"11":{"name":"(anonymous_11)","decl":{"start":{"line":108,"column":2},"end":{"line":108,"column":3}},"loc":{"start":{"line":108,"column":51},"end":{"line":115,"column":3}},"line":108},"12":{"name":"(anonymous_12)","decl":{"start":{"line":117,"column":2},"end":{"line":117,"column":3}},"loc":{"start":{"line":117,"column":42},"end":{"line":120,"column":3}},"line":117},"13":{"name":"(anonymous_13)","decl":{"start":{"line":122,"column":2},"end":{"line":122,"column":3}},"loc":{"start":{"line":122,"column":59},"end":{"line":130,"column":3}},"line":122},"14":{"name":"(anonymous_14)","decl":{"start":{"line":132,"column":2},"end":{"line":132,"column":3}},"loc":{"start":{"line":132,"column":35},"end":{"line":135,"column":3}},"line":132},"15":{"name":"(anonymous_15)","decl":{"start":{"line":137,"column":2},"end":{"line":137,"column":3}},"loc":{"start":{"line":137,"column":36},"end":{"line":144,"column":3}},"line":137},"16":{"name":"(anonymous_16)","decl":{"start":{"line":146,"column":2},"end":{"line":146,"column":3}},"loc":{"start":{"line":146,"column":54},"end":{"line":153,"column":3}},"line":146},"17":{"name":"(anonymous_17)","decl":{"start":{"line":155,"column":2},"end":{"line":155,"column":3}},"loc":{"start":{"line":155,"column":72},"end":{"line":168,"column":3}},"line":155},"18":{"name":"(anonymous_18)","decl":{"start":{"line":170,"column":2},"end":{"line":170,"column":3}},"loc":{"start":{"line":170,"column":39},"end":{"line":177,"column":3}},"line":170}},"branchMap":{"0":{"loc":{"start":{"line":158,"column":4},"end":{"line":160,"column":5}},"type":"if","locations":[{"start":{"line":158,"column":4},"end":{"line":160,"column":5}},{"start":{},"end":{}}],"line":158}},"s":{"0":1,"1":1,"2":1,"3":1,"4":0,"5":0,"6":0,"7":0,"8":0,"9":0,"10":0,"11":0,"12":0,"13":0,"14":0,"15":0,"16":0,"17":0,"18":0,"19":0,"20":0,"21":0,"22":0,"23":0,"24":0,"25":0,"26":0,"27":0,"28":0,"29":0,"30":0,"31":0,"32":0,"33":0,"34":0,"35":0,"36":0,"37":0,"38":0,"39":0,"40":0,"41":0,"42":0,"43":0},"f":{"0":1,"1":0,"2":0,"3":0,"4":0,"5":0,"6":0,"7":0,"8":0,"9":0,"10":0,"11":0,"12":0,"13":0,"14":0,"15":0,"16":0,"17":0,"18":0},"b":{"0":[0,0]},"_coverageSchema":"1a1c01bbd47fc00a2c39e90264f33305004495a9","hash":"8d30b988759d7679d67cdfa0bfa583ad84fd119f"}
,"C:\\Users\\Franco\\repos\\Odin-book\\back\\src\\routes\\Logins.route.js": {"path":"C:\\Users\\Franco\\repos\\Odin-book\\back\\src\\routes\\Logins.route.js","statementMap":{"0":{"start":{"line":8,"column":20},"end":{"line":8,"column":28}},"1":{"start":{"line":10,"column":13},"end":{"line":17,"column":1}},"2":{"start":{"line":18,"column":17},"end":{"line":25,"column":1}},"3":{"start":{"line":26,"column":0},"end":{"line":30,"column":2}},"4":{"start":{"line":28,"column":4},"end":{"line":28,"column":62}},"5":{"start":{"line":31,"column":0},"end":{"line":53,"column":3}},"6":{"start":{"line":32,"column":2},"end":{"line":52,"column":3}},"7":{"start":{"line":33,"column":31},"end":{"line":33,"column":39}},"8":{"start":{"line":35,"column":19},"end":{"line":35,"column":50}},"9":{"start":{"line":37,"column":21},"end":{"line":37,"column":59}},"10":{"start":{"line":38,"column":19},"end":{"line":38,"column":21}},"11":{"start":{"line":39,"column":4},"end":{"line":46,"column":5}},"12":{"start":{"line":40,"column":6},"end":{"line":43,"column":7}},"13":{"start":{"line":41,"column":22},"end":{"line":41,"column":35}},"14":{"start":{"line":42,"column":8},"end":{"line":42,"column":38}},"15":{"start":{"line":45,"column":6},"end":{"line":45,"column":46}},"16":{"start":{"line":47,"column":23},"end":{"line":47,"column":77}},"17":{"start":{"line":49,"column":4},"end":{"line":49,"column":25}},"18":{"start":{"line":51,"column":4},"end":{"line":51,"column":19}},"19":{"start":{"line":54,"column":0},"end":{"line":81,"column":3}},"20":{"start":{"line":55,"column":33},"end":{"line":55,"column":41}},"21":{"start":{"line":56,"column":2},"end":{"line":56,"column":34}},"22":{"start":{"line":57,"column":19},"end":{"line":57,"column":57}},"23":{"start":{"line":58,"column":17},"end":{"line":58,"column":19}},"24":{"start":{"line":59,"column":2},"end":{"line":66,"column":3}},"25":{"start":{"line":60,"column":4},"end":{"line":63,"column":5}},"26":{"start":{"line":61,"column":20},"end":{"line":61,"column":33}},"27":{"start":{"line":62,"column":6},"end":{"line":62,"column":36}},"28":{"start":{"line":65,"column":4},"end":{"line":65,"column":44}},"29":{"start":{"line":67,"column":2},"end":{"line":80,"column":21}},"30":{"start":{"line":68,"column":4},"end":{"line":68,"column":65}},"31":{"start":{"line":68,"column":13},"end":{"line":68,"column":65}},"32":{"start":{"line":69,"column":4},"end":{"line":69,"column":68}},"33":{"start":{"line":69,"column":15},"end":{"line":69,"column":68}},"34":{"start":{"line":70,"column":4},"end":{"line":70,"column":22}},"35":{"start":{"line":73,"column":18},"end":{"line":77,"column":5}},"36":{"start":{"line":79,"column":4},"end":{"line":79,"column":63}},"37":{"start":{"line":83,"column":0},"end":{"line":92,"column":3}},"38":{"start":{"line":84,"column":2},"end":{"line":91,"column":5}},"39":{"start":{"line":85,"column":4},"end":{"line":85,"column":30}},"40":{"start":{"line":85,"column":13},"end":{"line":85,"column":30}},"41":{"start":{"line":87,"column":4},"end":{"line":90,"column":7}},"42":{"start":{"line":88,"column":6},"end":{"line":88,"column":32}},"43":{"start":{"line":88,"column":15},"end":{"line":88,"column":32}},"44":{"start":{"line":89,"column":6},"end":{"line":89,"column":58}},"45":{"start":{"line":94,"column":0},"end":{"line":95,"column":62}},"46":{"start":{"line":98,"column":0},"end":{"line":108,"column":5}},"47":{"start":{"line":101,"column":17},"end":{"line":101,"column":25}},"48":{"start":{"line":102,"column":18},"end":{"line":106,"column":5}},"49":{"start":{"line":107,"column":4},"end":{"line":107,"column":70}},"50":{"start":{"line":109,"column":0},"end":{"line":112,"column":3}},"51":{"start":{"line":110,"column":16},"end":{"line":110,"column":55}},"52":{"start":{"line":111,"column":2},"end":{"line":111,"column":18}},"53":{"start":{"line":113,"column":0},"end":{"line":117,"column":3}},"54":{"start":{"line":114,"column":23},"end":{"line":114,"column":33}},"55":{"start":{"line":115,"column":15},"end":{"line":115,"column":62}},"56":{"start":{"line":116,"column":2},"end":{"line":116,"column":17}}},"fnMap":{"0":{"name":"(anonymous_0)","decl":{"start":{"line":27,"column":2},"end":{"line":27,"column":3}},"loc":{"start":{"line":27,"column":16},"end":{"line":29,"column":3}},"line":27},"1":{"name":"(anonymous_1)","decl":{"start":{"line":31,"column":28},"end":{"line":31,"column":29}},"loc":{"start":{"line":31,"column":48},"end":{"line":53,"column":1}},"line":31},"2":{"name":"(anonymous_2)","decl":{"start":{"line":54,"column":22},"end":{"line":54,"column":23}},"loc":{"start":{"line":54,"column":42},"end":{"line":81,"column":1}},"line":54},"3":{"name":"(anonymous_3)","decl":{"start":{"line":67,"column":33},"end":{"line":67,"column":34}},"loc":{"start":{"line":67,"column":54},"end":{"line":80,"column":3}},"line":67},"4":{"name":"(anonymous_4)","decl":{"start":{"line":83,"column":27},"end":{"line":83,"column":28}},"loc":{"start":{"line":83,"column":47},"end":{"line":92,"column":1}},"line":83},"5":{"name":"(anonymous_5)","decl":{"start":{"line":84,"column":13},"end":{"line":84,"column":14}},"loc":{"start":{"line":84,"column":28},"end":{"line":91,"column":3}},"line":84},"6":{"name":"(anonymous_6)","decl":{"start":{"line":87,"column":24},"end":{"line":87,"column":25}},"loc":{"start":{"line":87,"column":33},"end":{"line":90,"column":5}},"line":87},"7":{"name":"(anonymous_7)","decl":{"start":{"line":100,"column":2},"end":{"line":100,"column":3}},"loc":{"start":{"line":100,"column":22},"end":{"line":108,"column":3}},"line":100},"8":{"name":"(anonymous_8)","decl":{"start":{"line":109,"column":26},"end":{"line":109,"column":27}},"loc":{"start":{"line":109,"column":46},"end":{"line":112,"column":1}},"line":109},"9":{"name":"(anonymous_9)","decl":{"start":{"line":113,"column":39},"end":{"line":113,"column":40}},"loc":{"start":{"line":113,"column":59},"end":{"line":117,"column":1}},"line":113}},"branchMap":{"0":{"loc":{"start":{"line":39,"column":4},"end":{"line":46,"column":5}},"type":"if","locations":[{"start":{"line":39,"column":4},"end":{"line":46,"column":5}},{"start":{},"end":{}}],"line":39},"1":{"loc":{"start":{"line":59,"column":2},"end":{"line":66,"column":3}},"type":"if","locations":[{"start":{"line":59,"column":2},"end":{"line":66,"column":3}},{"start":{},"end":{}}],"line":59},"2":{"loc":{"start":{"line":68,"column":4},"end":{"line":68,"column":65}},"type":"if","locations":[{"start":{"line":68,"column":4},"end":{"line":68,"column":65}},{"start":{},"end":{}}],"line":68},"3":{"loc":{"start":{"line":69,"column":4},"end":{"line":69,"column":68}},"type":"if","locations":[{"start":{"line":69,"column":4},"end":{"line":69,"column":68}},{"start":{},"end":{}}],"line":69},"4":{"loc":{"start":{"line":75,"column":6},"end":{"line":75,"column":52}},"type":"binary-expr","locations":[{"start":{"line":75,"column":6},"end":{"line":75,"column":28}},{"start":{"line":75,"column":32},"end":{"line":75,"column":52}}],"line":75},"5":{"loc":{"start":{"line":85,"column":4},"end":{"line":85,"column":30}},"type":"if","locations":[{"start":{"line":85,"column":4},"end":{"line":85,"column":30}},{"start":{},"end":{}}],"line":85},"6":{"loc":{"start":{"line":88,"column":6},"end":{"line":88,"column":32}},"type":"if","locations":[{"start":{"line":88,"column":6},"end":{"line":88,"column":32}},{"start":{},"end":{}}],"line":88},"7":{"loc":{"start":{"line":104,"column":6},"end":{"line":104,"column":52}},"type":"binary-expr","locations":[{"start":{"line":104,"column":6},"end":{"line":104,"column":28}},{"start":{"line":104,"column":32},"end":{"line":104,"column":52}}],"line":104}},"s":{"0":1,"1":1,"2":1,"3":1,"4":0,"5":1,"6":1,"7":1,"8":1,"9":1,"10":1,"11":1,"12":0,"13":0,"14":0,"15":0,"16":1,"17":1,"18":0,"19":1,"20":0,"21":0,"22":0,"23":0,"24":0,"25":0,"26":0,"27":0,"28":0,"29":0,"30":0,"31":0,"32":0,"33":0,"34":0,"35":0,"36":0,"37":1,"38":0,"39":0,"40":0,"41":0,"42":0,"43":0,"44":0,"45":1,"46":1,"47":0,"48":0,"49":0,"50":1,"51":0,"52":0,"53":1,"54":0,"55":0,"56":0},"f":{"0":0,"1":1,"2":0,"3":0,"4":0,"5":0,"6":0,"7":0,"8":0,"9":0},"b":{"0":[0,1],"1":[0,0],"2":[0,0],"3":[0,0],"4":[0,0],"5":[0,0],"6":[0,0],"7":[0,0]},"_coverageSchema":"1a1c01bbd47fc00a2c39e90264f33305004495a9","hash":"fb7620522cb10219b10037d54dbe78efa29e062e"}
,"C:\\Users\\Franco\\repos\\Odin-book\\back\\src\\routes\\comments.route.js": {"path":"C:\\Users\\Franco\\repos\\Odin-book\\back\\src\\routes\\comments.route.js","statementMap":{"0":{"start":{"line":3,"column":22},"end":{"line":3,"column":30}},"1":{"start":{"line":4,"column":0},"end":{"line":14,"column":3}},"2":{"start":{"line":5,"column":45},"end":{"line":5,"column":53}},"3":{"start":{"line":6,"column":2},"end":{"line":6,"column":66}},"4":{"start":{"line":6,"column":40},"end":{"line":6,"column":66}},"5":{"start":{"line":7,"column":4},"end":{"line":7,"column":23}},"6":{"start":{"line":9,"column":24},"end":{"line":9,"column":99}},"7":{"start":{"line":10,"column":2},"end":{"line":13,"column":5}},"8":{"start":{"line":15,"column":0},"end":{"line":19,"column":3}},"9":{"start":{"line":16,"column":19},"end":{"line":16,"column":61}},"10":{"start":{"line":18,"column":2},"end":{"line":18,"column":21}}},"fnMap":{"0":{"name":"(anonymous_0)","decl":{"start":{"line":4,"column":32},"end":{"line":4,"column":33}},"loc":{"start":{"line":4,"column":52},"end":{"line":14,"column":1}},"line":4},"1":{"name":"(anonymous_1)","decl":{"start":{"line":15,"column":31},"end":{"line":15,"column":32}},"loc":{"start":{"line":15,"column":51},"end":{"line":19,"column":1}},"line":15}},"branchMap":{"0":{"loc":{"start":{"line":6,"column":2},"end":{"line":6,"column":66}},"type":"if","locations":[{"start":{"line":6,"column":2},"end":{"line":6,"column":66}},{"start":{},"end":{}}],"line":6},"1":{"loc":{"start":{"line":6,"column":5},"end":{"line":6,"column":38}},"type":"binary-expr","locations":[{"start":{"line":6,"column":5},"end":{"line":6,"column":13}},{"start":{"line":6,"column":15},"end":{"line":6,"column":22}},{"start":{"line":6,"column":24},"end":{"line":6,"column":38}}],"line":6}},"s":{"0":1,"1":1,"2":0,"3":0,"4":0,"5":0,"6":0,"7":0,"8":1,"9":0,"10":0},"f":{"0":0,"1":0},"b":{"0":[0,0],"1":[0,0,0]},"_coverageSchema":"1a1c01bbd47fc00a2c39e90264f33305004495a9","hash":"bb97ce452c32012fa67cf1bab490e70383401bbf"}
,"C:\\Users\\Franco\\repos\\Odin-book\\back\\src\\routes\\following.route.js": {"path":"C:\\Users\\Franco\\repos\\Odin-book\\back\\src\\routes\\following.route.js","statementMap":{"0":{"start":{"line":3,"column":24},"end":{"line":3,"column":32}},"1":{"start":{"line":4,"column":0},"end":{"line":12,"column":3}},"2":{"start":{"line":5,"column":37},"end":{"line":5,"column":45}},"3":{"start":{"line":6,"column":2},"end":{"line":6,"column":24}},"4":{"start":{"line":8,"column":20},"end":{"line":8,"column":77}},"5":{"start":{"line":9,"column":2},"end":{"line":9,"column":30}},"6":{"start":{"line":11,"column":2},"end":{"line":11,"column":22}},"7":{"start":{"line":13,"column":0},"end":{"line":16,"column":3}},"8":{"start":{"line":14,"column":20},"end":{"line":14,"column":58}},"9":{"start":{"line":15,"column":2},"end":{"line":15,"column":22}},"10":{"start":{"line":17,"column":0},"end":{"line":21,"column":3}},"11":{"start":{"line":18,"column":23},"end":{"line":18,"column":31}},"12":{"start":{"line":19,"column":23},"end":{"line":19,"column":62}},"13":{"start":{"line":20,"column":2},"end":{"line":20,"column":29}}},"fnMap":{"0":{"name":"(anonymous_0)","decl":{"start":{"line":4,"column":35},"end":{"line":4,"column":36}},"loc":{"start":{"line":4,"column":55},"end":{"line":12,"column":1}},"line":4},"1":{"name":"(anonymous_1)","decl":{"start":{"line":13,"column":34},"end":{"line":13,"column":35}},"loc":{"start":{"line":13,"column":54},"end":{"line":16,"column":1}},"line":13},"2":{"name":"(anonymous_2)","decl":{"start":{"line":17,"column":37},"end":{"line":17,"column":38}},"loc":{"start":{"line":17,"column":57},"end":{"line":21,"column":1}},"line":17}},"branchMap":{},"s":{"0":1,"1":1,"2":0,"3":0,"4":0,"5":0,"6":0,"7":1,"8":0,"9":0,"10":1,"11":0,"12":0,"13":0},"f":{"0":0,"1":0,"2":0},"b":{},"_coverageSchema":"1a1c01bbd47fc00a2c39e90264f33305004495a9","hash":"70a7c2c3c9d9911c76352635df72420135b3fe96"}
,"C:\\Users\\Franco\\repos\\Odin-book\\back\\src\\routes\\likes.route.js": {"path":"C:\\Users\\Franco\\repos\\Odin-book\\back\\src\\routes\\likes.route.js","statementMap":{"0":{"start":{"line":3,"column":20},"end":{"line":3,"column":28}},"1":{"start":{"line":4,"column":0},"end":{"line":8,"column":3}},"2":{"start":{"line":5,"column":49},"end":{"line":5,"column":57}},"3":{"start":{"line":6,"column":27},"end":{"line":6,"column":102}},"4":{"start":{"line":7,"column":2},"end":{"line":7,"column":29}},"5":{"start":{"line":9,"column":0},"end":{"line":13,"column":3}},"6":{"start":{"line":10,"column":21},"end":{"line":10,"column":29}},"7":{"start":{"line":11,"column":27},"end":{"line":11,"column":76}},"8":{"start":{"line":12,"column":2},"end":{"line":12,"column":72}},"9":{"start":{"line":14,"column":0},"end":{"line":19,"column":3}},"10":{"start":{"line":15,"column":27},"end":{"line":15,"column":67}},"11":{"start":{"line":16,"column":2},"end":{"line":16,"column":32}},"12":{"start":{"line":18,"column":2},"end":{"line":18,"column":29}}},"fnMap":{"0":{"name":"(anonymous_0)","decl":{"start":{"line":4,"column":27},"end":{"line":4,"column":28}},"loc":{"start":{"line":4,"column":47},"end":{"line":8,"column":1}},"line":4},"1":{"name":"(anonymous_1)","decl":{"start":{"line":9,"column":29},"end":{"line":9,"column":30}},"loc":{"start":{"line":9,"column":49},"end":{"line":13,"column":1}},"line":9},"2":{"name":"(anonymous_2)","decl":{"start":{"line":14,"column":26},"end":{"line":14,"column":27}},"loc":{"start":{"line":14,"column":46},"end":{"line":19,"column":1}},"line":14}},"branchMap":{},"s":{"0":1,"1":1,"2":0,"3":0,"4":0,"5":1,"6":0,"7":0,"8":0,"9":1,"10":0,"11":0,"12":0},"f":{"0":0,"1":0,"2":0},"b":{},"_coverageSchema":"1a1c01bbd47fc00a2c39e90264f33305004495a9","hash":"7377c4dd6878b4e10c7083f7b00ee354faefb101"}
,"C:\\Users\\Franco\\repos\\Odin-book\\back\\src\\routes\\messages.route.js": {"path":"C:\\Users\\Franco\\repos\\Odin-book\\back\\src\\routes\\messages.route.js","statementMap":{"0":{"start":{"line":3,"column":23},"end":{"line":3,"column":31}},"1":{"start":{"line":4,"column":0},"end":{"line":11,"column":3}},"2":{"start":{"line":5,"column":42},"end":{"line":5,"column":50}},"3":{"start":{"line":6,"column":24},"end":{"line":6,"column":96}},"4":{"start":{"line":7,"column":2},"end":{"line":10,"column":5}},"5":{"start":{"line":12,"column":0},"end":{"line":17,"column":3}},"6":{"start":{"line":13,"column":19},"end":{"line":13,"column":62}},"7":{"start":{"line":14,"column":2},"end":{"line":16,"column":5}}},"fnMap":{"0":{"name":"(anonymous_0)","decl":{"start":{"line":4,"column":33},"end":{"line":4,"column":34}},"loc":{"start":{"line":4,"column":53},"end":{"line":11,"column":1}},"line":4},"1":{"name":"(anonymous_1)","decl":{"start":{"line":12,"column":32},"end":{"line":12,"column":33}},"loc":{"start":{"line":12,"column":52},"end":{"line":17,"column":1}},"line":12}},"branchMap":{},"s":{"0":1,"1":1,"2":0,"3":0,"4":0,"5":1,"6":0,"7":0},"f":{"0":0,"1":0},"b":{},"_coverageSchema":"1a1c01bbd47fc00a2c39e90264f33305004495a9","hash":"e276aa12a7629efd377f336983ac7e144982fe4a"}
,"C:\\Users\\Franco\\repos\\Odin-book\\back\\src\\routes\\publicattion.route.js": {"path":"C:\\Users\\Franco\\repos\\Odin-book\\back\\src\\routes\\publicattion.route.js","statementMap":{"0":{"start":{"line":3,"column":26},"end":{"line":3,"column":34}},"1":{"start":{"line":4,"column":0},"end":{"line":13,"column":3}},"2":{"start":{"line":5,"column":21},"end":{"line":5,"column":31}},"3":{"start":{"line":6,"column":15},"end":{"line":6,"column":58}},"4":{"start":{"line":7,"column":2},"end":{"line":7,"column":26}},"5":{"start":{"line":9,"column":2},"end":{"line":12,"column":5}},"6":{"start":{"line":15,"column":0},"end":{"line":19,"column":3}},"7":{"start":{"line":16,"column":23},"end":{"line":16,"column":69}},"8":{"start":{"line":18,"column":2},"end":{"line":18,"column":29}},"9":{"start":{"line":20,"column":0},"end":{"line":24,"column":3}},"10":{"start":{"line":21,"column":17},"end":{"line":21,"column":27}},"11":{"start":{"line":22,"column":29},"end":{"line":22,"column":80}},"12":{"start":{"line":23,"column":2},"end":{"line":23,"column":31}}},"fnMap":{"0":{"name":"(anonymous_0)","decl":{"start":{"line":4,"column":46},"end":{"line":4,"column":47}},"loc":{"start":{"line":4,"column":66},"end":{"line":13,"column":1}},"line":4},"1":{"name":"(anonymous_1)","decl":{"start":{"line":15,"column":39},"end":{"line":15,"column":40}},"loc":{"start":{"line":15,"column":59},"end":{"line":19,"column":1}},"line":15},"2":{"name":"(anonymous_2)","decl":{"start":{"line":20,"column":46},"end":{"line":20,"column":47}},"loc":{"start":{"line":20,"column":66},"end":{"line":24,"column":1}},"line":20}},"branchMap":{},"s":{"0":1,"1":1,"2":0,"3":0,"4":0,"5":0,"6":1,"7":0,"8":0,"9":1,"10":0,"11":0,"12":0},"f":{"0":0,"1":0,"2":0},"b":{},"_coverageSchema":"1a1c01bbd47fc00a2c39e90264f33305004495a9","hash":"11d95a5a122cbbe08a2eb07b2152c0e76fa1ce88"}
,"C:\\Users\\Franco\\repos\\Odin-book\\back\\src\\routes\\route.js": {"path":"C:\\Users\\Franco\\repos\\Odin-book\\back\\src\\routes\\route.js","statementMap":{"0":{"start":{"line":8,"column":15},"end":{"line":8,"column":23}},"1":{"start":{"line":9,"column":0},"end":{"line":9,"column":39}},"2":{"start":{"line":10,"column":0},"end":{"line":10,"column":43}},"3":{"start":{"line":11,"column":0},"end":{"line":11,"column":34}},"4":{"start":{"line":12,"column":0},"end":{"line":12,"column":35}},"5":{"start":{"line":13,"column":0},"end":{"line":13,"column":40}},"6":{"start":{"line":14,"column":0},"end":{"line":14,"column":47}}},"fnMap":{},"branchMap":{},"s":{"0":1,"1":1,"2":1,"3":1,"4":1,"5":1,"6":1},"f":{},"b":{},"_coverageSchema":"1a1c01bbd47fc00a2c39e90264f33305004495a9","hash":"c8a27e3604a331df42d13155f93062f254d848e6"}
,"C:\\Users\\Franco\\repos\\Odin-book\\back\\test\\commentHelper.js": {"path":"C:\\Users\\Franco\\repos\\Odin-book\\back\\test\\commentHelper.js","statementMap":{"0":{"start":{"line":3,"column":15},"end":{"line":3,"column":27}},"1":{"start":{"line":6,"column":3},"end":{"line":6,"column":55}}},"fnMap":{"0":{"name":"getComment","decl":{"start":{"line":5,"column":18},"end":{"line":5,"column":28}},"loc":{"start":{"line":5,"column":30},"end":{"line":8,"column":4}},"line":5}},"branchMap":{},"s":{"0":1,"1":0},"f":{"0":0},"b":{},"_coverageSchema":"1a1c01bbd47fc00a2c39e90264f33305004495a9","hash":"97d0f324ad6158b45ee03024db411595a3dd68fe"}
}
