TN:
SF:app.js
FN:25,(anonymous_0)
FN:58,(anonymous_1)
FN:84,(anonymous_2)
FN:103,(anonymous_3)
FN:156,(anonymous_4)
FN:175,(anonymous_5)
FN:184,(anonymous_6)
FN:187,(anonymous_7)
FN:197,(anonymous_8)
FNF:9
FNH:0
FNDA:0,(anonymous_0)
FNDA:0,(anonymous_1)
FNDA:0,(anonymous_2)
FNDA:0,(anonymous_3)
FNDA:0,(anonymous_4)
FNDA:0,(anonymous_5)
FNDA:0,(anonymous_6)
FNDA:0,(anonymous_7)
FNDA:0,(anonymous_8)
DA:20,1
DA:24,1
DA:26,0
DA:28,0
DA:30,0
DA:34,0
DA:35,0
DA:37,0
DA:40,0
DA:44,1
DA:50,1
DA:51,1
DA:52,1
DA:53,1
DA:57,1
DA:58,1
DA:59,0
DA:61,0
DA:66,0
DA:67,0
DA:69,0
DA:77,0
DA:78,0
DA:79,0
DA:84,1
DA:85,0
DA:87,0
DA:88,0
DA:90,0
DA:96,0
DA:97,0
DA:103,1
DA:104,0
DA:105,0
DA:106,0
DA:107,0
DA:109,0
DA:110,0
DA:116,0
DA:120,0
DA:126,0
DA:131,0
DA:132,0
DA:137,1
DA:138,1
DA:154,1
DA:155,1
DA:156,1
DA:157,0
DA:162,0
DA:164,0
DA:165,0
DA:166,0
DA:168,0
DA:169,0
DA:171,1
DA:176,0
DA:181,0
DA:184,1
DA:185,0
DA:187,1
DA:188,0
DA:193,0
DA:196,1
DA:197,1
DA:198,0
LF:66
LH:21
BRDA:34,0,0,0
BRDA:34,0,1,0
BRDA:87,1,0,0
BRDA:87,1,1,0
BRDA:109,2,0,0
BRDA:109,2,1,0
BRDA:164,3,0,0
BRDA:164,3,1,0
BRDA:168,4,0,0
BRDA:168,4,1,0
BRF:10
BRH:0
end_of_record
TN:
SF:src\controller\controller.js
FN:3,(anonymous_0)
FN:12,(anonymous_1)
FN:17,(anonymous_2)
FN:22,(anonymous_3)
FN:27,(anonymous_4)
FN:32,(anonymous_5)
FN:37,(anonymous_6)
FN:42,(anonymous_7)
FN:47,(anonymous_8)
FN:52,(anonymous_9)
FN:57,(anonymous_10)
FN:62,(anonymous_11)
FN:67,(anonymous_12)
FN:72,(anonymous_13)
FN:77,(anonymous_14)
FN:82,(anonymous_15)
FN:87,(anonymous_16)
FN:92,(anonymous_17)
FN:97,(anonymous_18)
FNF:19
FNH:1
FNDA:1,(anonymous_0)
FNDA:0,(anonymous_1)
FNDA:0,(anonymous_2)
FNDA:0,(anonymous_3)
FNDA:0,(anonymous_4)
FNDA:0,(anonymous_5)
FNDA:0,(anonymous_6)
FNDA:0,(anonymous_7)
FNDA:0,(anonymous_8)
FNDA:0,(anonymous_9)
FNDA:0,(anonymous_10)
FNDA:0,(anonymous_11)
FNDA:0,(anonymous_12)
FNDA:0,(anonymous_13)
FNDA:0,(anonymous_14)
FNDA:0,(anonymous_15)
FNDA:0,(anonymous_16)
FNDA:0,(anonymous_17)
FNDA:0,(anonymous_18)
DA:4,1
DA:5,1
DA:6,1
DA:8,0
DA:13,0
DA:14,0
DA:18,0
DA:19,0
DA:23,0
DA:24,0
DA:28,0
DA:29,0
DA:33,0
DA:34,0
DA:38,0
DA:39,0
DA:43,0
DA:44,0
DA:48,0
DA:49,0
DA:53,0
DA:54,0
DA:58,0
DA:59,0
DA:63,0
DA:64,0
DA:68,0
DA:69,0
DA:73,0
DA:74,0
DA:78,0
DA:79,0
DA:83,0
DA:84,0
DA:88,0
DA:89,0
DA:93,0
DA:94,0
DA:98,0
DA:99,0
LF:40
LH:3
BRF:0
BRH:0
end_of_record
TN:
SF:src\model\prismamodel.js
FN:6,(anonymous_0)
FN:20,(anonymous_1)
FN:34,(anonymous_2)
FN:45,(anonymous_3)
FN:54,(anonymous_4)
FN:67,(anonymous_5)
FN:72,(anonymous_6)
FN:77,(anonymous_7)
FN:82,(anonymous_8)
FN:93,(anonymous_9)
FN:98,(anonymous_10)
FN:108,(anonymous_11)
FN:117,(anonymous_12)
FN:122,(anonymous_13)
FN:132,(anonymous_14)
FN:137,(anonymous_15)
FN:146,(anonymous_16)
FN:155,(anonymous_17)
FN:170,(anonymous_18)
FNF:19
FNH:1
FNDA:1,(anonymous_0)
FNDA:0,(anonymous_1)
FNDA:0,(anonymous_2)
FNDA:0,(anonymous_3)
FNDA:0,(anonymous_4)
FNDA:0,(anonymous_5)
FNDA:0,(anonymous_6)
FNDA:0,(anonymous_7)
FNDA:0,(anonymous_8)
FNDA:0,(anonymous_9)
FNDA:0,(anonymous_10)
FNDA:0,(anonymous_11)
FNDA:0,(anonymous_12)
FNDA:0,(anonymous_13)
FNDA:0,(anonymous_14)
FNDA:0,(anonymous_15)
FNDA:0,(anonymous_16)
FNDA:0,(anonymous_17)
FNDA:0,(anonymous_18)
DA:3,1
DA:7,1
DA:8,1
DA:14,1
DA:16,0
DA:21,0
DA:31,0
DA:35,0
DA:42,0
DA:46,0
DA:51,0
DA:55,0
DA:64,0
DA:68,0
DA:69,0
DA:73,0
DA:74,0
DA:78,0
DA:79,0
DA:83,0
DA:90,0
DA:94,0
DA:95,0
DA:99,0
DA:105,0
DA:109,0
DA:114,0
DA:118,0
DA:119,0
DA:123,0
DA:129,0
DA:133,0
DA:134,0
DA:138,0
DA:143,0
DA:147,0
DA:152,0
DA:156,0
DA:158,0
DA:159,0
DA:161,0
DA:167,0
DA:171,0
DA:176,0
LF:44
LH:4
BRDA:158,0,0,0
BRDA:158,0,1,0
BRF:2
BRH:0
end_of_record
TN:
SF:src\routes\Logins.route.js
FN:27,(anonymous_0)
FN:31,(anonymous_1)
FN:54,(anonymous_2)
FN:67,(anonymous_3)
FN:83,(anonymous_4)
FN:84,(anonymous_5)
FN:87,(anonymous_6)
FN:100,(anonymous_7)
FN:109,(anonymous_8)
FN:113,(anonymous_9)
FNF:10
FNH:1
FNDA:0,(anonymous_0)
FNDA:1,(anonymous_1)
FNDA:0,(anonymous_2)
FNDA:0,(anonymous_3)
FNDA:0,(anonymous_4)
FNDA:0,(anonymous_5)
FNDA:0,(anonymous_6)
FNDA:0,(anonymous_7)
FNDA:0,(anonymous_8)
FNDA:0,(anonymous_9)
DA:8,1
DA:10,1
DA:18,1
DA:26,1
DA:28,0
DA:31,1
DA:32,1
DA:33,1
DA:35,1
DA:37,1
DA:38,1
DA:39,1
DA:40,0
DA:41,0
DA:42,0
DA:45,0
DA:47,1
DA:49,1
DA:51,0
DA:54,1
DA:55,0
DA:56,0
DA:57,0
DA:58,0
DA:59,0
DA:60,0
DA:61,0
DA:62,0
DA:65,0
DA:67,0
DA:68,0
DA:69,0
DA:70,0
DA:73,0
DA:79,0
DA:83,1
DA:84,0
DA:85,0
DA:87,0
DA:88,0
DA:89,0
DA:94,1
DA:98,1
DA:101,0
DA:102,0
DA:107,0
DA:109,1
DA:110,0
DA:111,0
DA:113,1
DA:114,0
DA:115,0
DA:116,0
LF:53
LH:19
BRDA:39,0,0,0
BRDA:39,0,1,1
BRDA:59,1,0,0
BRDA:59,1,1,0
BRDA:68,2,0,0
BRDA:68,2,1,0
BRDA:69,3,0,0
BRDA:69,3,1,0
BRDA:75,4,0,0
BRDA:75,4,1,0
BRDA:85,5,0,0
BRDA:85,5,1,0
BRDA:88,6,0,0
BRDA:88,6,1,0
BRDA:104,7,0,0
BRDA:104,7,1,0
BRF:16
BRH:1
end_of_record
TN:
SF:src\routes\comments.route.js
FN:4,(anonymous_0)
FN:15,(anonymous_1)
FNF:2
FNH:0
FNDA:0,(anonymous_0)
FNDA:0,(anonymous_1)
DA:3,1
DA:4,1
DA:5,0
DA:6,0
DA:7,0
DA:9,0
DA:10,0
DA:15,1
DA:16,0
DA:18,0
LF:10
LH:3
BRDA:6,0,0,0
BRDA:6,0,1,0
BRDA:6,1,0,0
BRDA:6,1,1,0
BRDA:6,1,2,0
BRF:5
BRH:0
end_of_record
TN:
SF:src\routes\following.route.js
FN:4,(anonymous_0)
FN:13,(anonymous_1)
FN:17,(anonymous_2)
FNF:3
FNH:0
FNDA:0,(anonymous_0)
FNDA:0,(anonymous_1)
FNDA:0,(anonymous_2)
DA:3,1
DA:4,1
DA:5,0
DA:6,0
DA:8,0
DA:9,0
DA:11,0
DA:13,1
DA:14,0
DA:15,0
DA:17,1
DA:18,0
DA:19,0
DA:20,0
LF:14
LH:4
BRF:0
BRH:0
end_of_record
TN:
SF:src\routes\likes.route.js
FN:4,(anonymous_0)
FN:9,(anonymous_1)
FN:14,(anonymous_2)
FNF:3
FNH:0
FNDA:0,(anonymous_0)
FNDA:0,(anonymous_1)
FNDA:0,(anonymous_2)
DA:3,1
DA:4,1
DA:5,0
DA:6,0
DA:7,0
DA:9,1
DA:10,0
DA:11,0
DA:12,0
DA:14,1
DA:15,0
DA:16,0
DA:18,0
LF:13
LH:4
BRF:0
BRH:0
end_of_record
TN:
SF:src\routes\messages.route.js
FN:4,(anonymous_0)
FN:12,(anonymous_1)
FNF:2
FNH:0
FNDA:0,(anonymous_0)
FNDA:0,(anonymous_1)
DA:3,1
DA:4,1
DA:5,0
DA:6,0
DA:7,0
DA:12,1
DA:13,0
DA:14,0
LF:8
LH:3
BRF:0
BRH:0
end_of_record
TN:
SF:src\routes\publicattion.route.js
FN:4,(anonymous_0)
FN:15,(anonymous_1)
FN:20,(anonymous_2)
FNF:3
FNH:0
FNDA:0,(anonymous_0)
FNDA:0,(anonymous_1)
FNDA:0,(anonymous_2)
DA:3,1
DA:4,1
DA:5,0
DA:6,0
DA:7,0
DA:9,0
DA:15,1
DA:16,0
DA:18,0
DA:20,1
DA:21,0
DA:22,0
DA:23,0
LF:13
LH:4
BRF:0
BRH:0
end_of_record
TN:
SF:src\routes\route.js
FNF:0
FNH:0
DA:8,1
DA:9,1
DA:10,1
DA:11,1
DA:12,1
DA:13,1
DA:14,1
LF:7
LH:7
BRF:0
BRH:0
end_of_record
TN:
SF:test\commentHelper.js
FN:5,getComment
FNF:1
FNH:0
FNDA:0,getComment
DA:3,1
DA:6,0
LF:2
LH:1
BRF:0
BRH:0
end_of_record
